\BOOKMARK [1][-]{section*.1}{\376\377\0001\000.\000\040\000C\000o\000m\000p\000u\000t\000i\000n\000g\000\040\000E\000c\000o\000n\000o\000m\000i\000c\000\040\000V\000a\000l\000u\000e\000\040\000F\000o\000r\000\040\000D\000u\000a\000l\000\040\000B\000r\000e\000e\000d}{}% 1
\BOOKMARK [2][-]{section*.2}{\376\377\000G\000e\000n\000e\000t\000i\000c\000\040\000S\000t\000a\000n\000d\000a\000r\000d\000\040\000D\000e\000v\000i\000a\000t\000i\000o\000n\000s}{section*.1}% 2
\BOOKMARK [2][-]{section*.3}{\376\377\000C\000a\000r\000c\000a\000s\000s\000\040\000c\000o\000n\000f\000o\000r\000m\000a\000t\000i\000o\000n\000\040\000a\000d\000u\000l\000t\000s\000\040\000\050\000C\000C\000a\000\051}{section*.1}% 3
\BOOKMARK [3][-]{section*.4}{\376\377\000O\000B}{section*.3}% 4
\BOOKMARK [3][-]{section*.5}{\376\377\000B\000V}{section*.3}% 5
\BOOKMARK [3][-]{section*.6}{\376\377\000S\000I}{section*.3}% 6
\BOOKMARK [3][-]{section*.7}{\376\377\000S\000F}{section*.3}% 7
\BOOKMARK [3][-]{section*.8}{\376\377\000M\000O}{section*.3}% 8
\BOOKMARK [2][-]{section*.9}{\376\377\000C\000a\000r\000c\000a\000s\000s\000\040\000c\000o\000n\000f\000o\000r\000m\000a\000t\000i\000o\000n\000\040\000c\000a\000l\000v\000e\000s\000\040\000\050\000C\000C\000c\000\051}{section*.1}% 9
\BOOKMARK [3][-]{section*.10}{\376\377\000O\000B}{section*.9}% 10
\BOOKMARK [3][-]{section*.11}{\376\377\000B\000V}{section*.9}% 11
\BOOKMARK [3][-]{section*.12}{\376\377\000S\000I}{section*.9}% 12
\BOOKMARK [3][-]{section*.13}{\376\377\000S\000F}{section*.9}% 13
\BOOKMARK [3][-]{section*.14}{\376\377\000M\000O}{section*.9}% 14
\BOOKMARK [2][-]{section*.15}{\376\377\000C\000a\000r\000c\000a\000s\000s\000\040\000f\000a\000t\000n\000e\000s\000s\000\040\000a\000d\000u\000l\000t\000s\000\040\000\050\000C\000F\000a\000\051}{section*.1}% 15
\BOOKMARK [3][-]{section*.16}{\376\377\000O\000B}{section*.15}% 16
\BOOKMARK [3][-]{section*.17}{\376\377\000B\000V}{section*.15}% 17
\BOOKMARK [3][-]{section*.18}{\376\377\000S\000I}{section*.15}% 18
\BOOKMARK [3][-]{section*.19}{\376\377\000S\000F}{section*.15}% 19
\BOOKMARK [3][-]{section*.20}{\376\377\000M\000O}{section*.15}% 20
\BOOKMARK [2][-]{section*.21}{\376\377\000C\000a\000r\000c\000a\000s\000s\000\040\000f\000a\000t\000n\000e\000s\000s\000\040\000c\000a\000l\000v\000e\000s\000\040\000\050\000C\000F\000c\000\051}{section*.1}% 21
\BOOKMARK [3][-]{section*.22}{\376\377\000O\000B}{section*.21}% 22
\BOOKMARK [3][-]{section*.23}{\376\377\000B\000V}{section*.21}% 23
\BOOKMARK [3][-]{section*.24}{\376\377\000S\000I}{section*.21}% 24
\BOOKMARK [3][-]{section*.25}{\376\377\000S\000F}{section*.21}% 25
\BOOKMARK [3][-]{section*.26}{\376\377\000M\000O}{section*.21}% 26
\BOOKMARK [2][-]{section*.27}{\376\377\000C\000a\000r\000c\000a\000s\000s\000\040\000w\000e\000i\000g\000h\000t\000\040\000a\000d\000u\000l\000t\000s\000\040\000\050\000C\000W\000a\000\051}{section*.1}% 27
\BOOKMARK [3][-]{section*.28}{\376\377\000O\000B}{section*.27}% 28
\BOOKMARK [3][-]{section*.29}{\376\377\000B\000V}{section*.27}% 29
\BOOKMARK [3][-]{section*.30}{\376\377\000S\000I}{section*.27}% 30
\BOOKMARK [3][-]{section*.31}{\376\377\000S\000F}{section*.27}% 31
\BOOKMARK [3][-]{section*.32}{\376\377\000M\000O}{section*.27}% 32
\BOOKMARK [2][-]{section*.33}{\376\377\000C\000a\000r\000c\000a\000s\000s\000\040\000w\000e\000i\000g\000h\000t\000\040\000c\000a\000l\000v\000e\000s\000\040\000\050\000C\000W\000c\000\051}{section*.1}% 33
\BOOKMARK [3][-]{section*.34}{\376\377\000O\000B}{section*.33}% 34
\BOOKMARK [3][-]{section*.35}{\376\377\000B\000V}{section*.33}% 35
\BOOKMARK [3][-]{section*.36}{\376\377\000S\000I}{section*.33}% 36
\BOOKMARK [3][-]{section*.37}{\376\377\000S\000F}{section*.33}% 37
\BOOKMARK [3][-]{section*.38}{\376\377\000M\000O}{section*.33}% 38
\BOOKMARK [2][-]{section*.39}{\376\377\000O\000v\000e\000r\000v\000i\000e\000w\000\040\000o\000f\000\040\000t\000h\000e\000\040\000p\000h\000e\000n\000o\000t\000y\000p\000i\000c\000\040\000m\000e\000a\000n}{section*.1}% 39
\BOOKMARK [2][-]{section*.40}{\376\377\000P\000r\000e\000s\000e\000n\000t\000i\000n\000g\000\040\000o\000u\000t\000p\000u\000t\000\040\000f\000o\000r\000\040\000e\000c\000o\000n\000o\000m\000i\000c\000\040\000v\000a\000l\000u\000e\000s}{section*.1}% 40
\BOOKMARK [3][-]{section*.41}{\376\377\0001\000.\0001\000\051\000\040\000T\000a\000b\000l\000e\000\040\000a\000r\000e\000\040\000p\000r\000e\000s\000e\000n\000t\000i\000n\000g\000\040\000e\000c\000o\000n\000o\000m\000i\000c\000\040\000v\000a\000l\000u\000e\000\040\000i\000n\000\040\000t\000r\000a\000i\000t\000\040\000u\000n\000i\000t\000.}{section*.40}% 41
\BOOKMARK [3][-]{section*.42}{\376\377\0001\000.\0002\000\051\000\040\000T\000a\000b\000l\000e\000\040\000a\000r\000e\000\040\000p\000r\000e\000s\000e\000n\000t\000i\000n\000g\000\040\000e\000c\000o\000n\000o\000m\000i\000c\000\040\000v\000a\000l\000u\000e\000\040\000i\000n\000\040\000g\000e\000n\000e\000t\000i\000c\000\040\000s\000t\000a\000n\000d\000a\000r\000d\000\040\000d\000e\000v\000i\000a\000t\000i\000o\000n\000.}{section*.40}% 42
\BOOKMARK [2][-]{section*.43}{\376\377\0002\000.\000\040\000C\000o\000m\000p\000u\000t\000i\000n\000g\000\040\000R\000e\000l\000a\000t\000i\000v\000e\000\040\000E\000c\000o\000n\000o\000m\000i\000c\000\040\000F\000a\000c\000t\000o\000r\000s}{section*.1}% 43
\BOOKMARK [3][-]{section*.44}{\376\377\0002\000.\0001\000\051\000\040\000C\000o\000m\000p\000u\000t\000i\000n\000g\000\040\000R\000e\000l\000a\000t\000i\000v\000e\000\040\000E\000c\000o\000n\000o\000m\000i\000c\000\040\000F\000a\000c\000t\000o\000r\000s\000\040\000F\000o\000r\000\040\000A\000l\000l\000\040\000C\000a\000t\000e\000g\000o\000r\000i\000e\000s}{section*.43}% 44
\BOOKMARK [3][-]{section*.45}{\376\377\0002\000.\0002\000\051\000\040\000C\000o\000m\000p\000u\000t\000i\000n\000g\000\040\000R\000e\000l\000a\000t\000i\000v\000e\000\040\000E\000c\000o\000n\000o\000m\000i\000c\000\040\000F\000a\000c\000t\000o\000r\000s\000\040\000F\000o\000r\000\040\000A\000d\000u\000l\000t\000s}{section*.43}% 45
\BOOKMARK [3][-]{section*.46}{\376\377\0002\000.\0003\000\051\000\040\000C\000o\000m\000p\000u\000t\000i\000n\000g\000\040\000R\000e\000l\000a\000t\000i\000v\000e\000\040\000E\000c\000o\000n\000o\000m\000i\000c\000\040\000F\000a\000c\000t\000o\000r\000s\000\040\000F\000o\000r\000\040\000C\000a\000l\000v\000e\000s}{section*.43}% 46
\BOOKMARK [2][-]{section*.47}{\376\377\0003\000.\000\040\000I\000m\000p\000o\000r\000t\000a\000n\000c\000e\000\040\000o\000f\000\040\000c\000a\000l\000v\000e\000s\000\040\000v\000e\000r\000s\000u\000s\000\040\000a\000d\000u\000l\000t\000s\000\040\000f\000o\000r\000\040\000e\000a\000c\000h\000\040\000p\000o\000p\000u\000l\000a\000t\000i\000o\000n}{section*.1}% 47
\BOOKMARK [2][-]{section*.48}{\376\377\0004\000.\000\040\000D\000e\000t\000e\000r\000m\000i\000n\000e\000\040\000R\000e\000l\000a\000t\000i\000v\000e\000\040\000F\000a\000c\000t\000o\000r\000s\000\040\000B\000a\000s\000e\000d\000\040\000o\000n\000\040\000G\000i\000v\000e\000n\000\040\000R\000e\000s\000t\000r\000i\000c\000t\000i\000o\000n\000s}{section*.1}% 48
\BOOKMARK [2][-]{section*.49}{\376\377\0005\000.\000\040\000W\000r\000i\000t\000i\000n\000g\000\040\000O\000u\000t\000p\000u\000t\000\040\000T\000o\000\040\000A\000\040\000F\000i\000l\000e}{section*.1}% 49
\BOOKMARK [3][-]{section*.50}{\376\377\000S\000z\000e\000n\000a\000r\000i\000o\000\040\000A\000\051\000\040\000w\000e\000\040\000a\000r\000e\000\040\000u\000s\000i\000n\000g\000\040\000t\000h\000e\000\040\000r\000e\000l\000a\000t\000i\000v\000e\000\040\000e\000c\000o\000n\000o\000m\000i\000c\000\040\000f\000a\000c\000t\000o\000r\000s\000\040\000\050\000t\000a\000b\000l\000e\000\040\0002\000.\0001\000,\000\040\000F\000i\000l\000e\000\040\000n\000a\000m\000e\000:\000\040\000e\000c\000o\000n\000o\000m\000i\000c\000\137\000v\000a\000l\000u\000e\000\137\000r\000e\000l\000a\000t\000i\000v\000e\000.\000c\000s\000v\000\051}{section*.49}% 50
\BOOKMARK [3][-]{section*.51}{\376\377\000S\000z\000e\000n\000a\000r\000i\000o\000\040\000B\000\051\000\040\000T\000h\000e\000\040\000r\000e\000l\000a\000t\000i\000v\000e\000\040\000f\000a\000c\000t\000o\000r\000s\000\040\000a\000r\000e\000\040\000w\000e\000i\000g\000h\000t\000e\000d\000\040\000w\000i\000t\000h\000\040\000a\000n\000i\000m\000a\000l\000\040\000c\000a\000t\000e\000g\000o\000r\000i\000e\000s\000\040\000t\000o\000\040\000g\000e\000t\000\040\000w\000e\000i\000g\000h\000t\000e\000d\000\040\000r\000e\000l\000a\000t\000i\000v\000e\000\040\000f\000a\000c\000t\000o\000r\000s\000\040\000\050\000F\000i\000l\000e\000\040\000n\000a\000m\000e\000:\000\040\000w\000e\000i\000g\000h\000t\000e\000d\000\137\000e\000c\000o\000n\000o\000m\000i\000c\000\137\000v\000a\000l\000u\000e\000\137\000r\000e\000l\000a\000t\000i\000v\000e\000.\000c\000s\000v\000\051}{section*.49}% 51
\BOOKMARK [3][-]{section*.52}{\376\377\000S\000z\000e\000n\000a\000r\000i\000o\000\040\000C\000\051\000\040\000T\000h\000i\000s\000\040\000s\000e\000t\000\040\000c\000o\000n\000s\000i\000s\000t\000\040\000o\000f\000\040\000t\000h\000e\000\040\000c\000r\000e\000a\000t\000i\000v\000e\000\040\000p\000o\000l\000i\000t\000i\000c\000a\000l\000\040\000v\000a\000l\000u\000e\000s\000\040\000n\000o\000t\000\040\000w\000e\000i\000g\000h\000t\000e\000d\000\040\000f\000o\000r\000\040\000a\000n\000i\000m\000a\000l\000\040\000c\000l\000a\000s\000s\000e\000s\000\040\000\050\000t\000a\000b\000l\000e\000\040\0004\000,\000\040\000F\000i\000l\000e\000\040\000n\000a\000m\000e\000:\000\040\000p\000o\000l\000i\000t\000i\000c\000a\000l\000\137\000u\000n\000w\000e\000i\000g\000h\000t\000e\000d\000.\000c\000s\000v\000\051}{section*.49}% 52
\BOOKMARK [3][-]{section*.53}{\376\377\000S\000z\000e\000n\000a\000r\000i\000o\000\040\000D\000\051\000\040\000T\000h\000e\000\040\000l\000a\000s\000t\000\040\000s\000e\000t\000\040\000i\000s\000\040\000t\000h\000e\000\040\000a\000b\000o\000v\000e\000\040\000f\000a\000c\000t\000o\000r\000s\000\040\000w\000e\000i\000g\000h\000t\000e\000d\000\040\000w\000i\000t\000h\000\040\000t\000h\000e\000\040\000p\000r\000o\000p\000o\000r\000t\000i\000o\000n\000s\000\040\000o\000f\000\040\000t\000h\000e\000\040\000a\000n\000i\000m\000a\000l\000\040\000c\000l\000a\000s\000s\000e\000s\000\040\000\050\000F\000i\000l\000e\000\040\000n\000a\000m\000e\000:\000\040\000p\000o\000l\000i\000t\000i\000c\000a\000l\000\137\000w\000e\000i\000g\000h\000t\000e\000d\000.\000c\000s\000v\000\051}{section*.49}% 53
